# JRE version: Java(TM) SE Runtime Environment (22.0.1+8) (build 22.0.1+8-16)
# Java VM: Java HotSpot(TM) 64-Bit Server VM (22.0.1+8-16, mixed mode, emulated-client, sharing, tiered, compressed oops, compressed class ptrs, g1 gc, windows-amd64)
GC Precious Log:
 CardTable entry size: 512
 Card Set container configuration: InlinePtr #cards 5 size 8 Array Of Cards #cards 12 size 40 Howl #buckets 4 coarsen threshold 1843 Howl Bitmap #cards 512 size 80 coarsen threshold 460 Card regions per heap region 1 cards per card region 2048
 CPUs: 8 total, 8 available
 Memory: 7873M
 Large Page Support: Disabled
 NUMA Support: Disabled
 Compressed Oops: Enabled (32-bit)
 Heap Region Size: 1M
 Heap Min Capacity: 8M
 Heap Initial Capacity: 124M
 Heap Max Capacity: 1970M
 Pre-touch: Disabled
 Parallel Workers: 8
 Concurrent Workers: 2
 Concurrent Refinement Workers: 8
 Periodic GC: Disabled
Heap:
 garbage-first heap   total reserved 2017280K, committed 61440K, used 40982K [0x0000000084e00000, 0x0000000100000000)
  region size 1024K, 20 young (20480K), 3 survivors (3072K)
 Metaspace       used 52849K, committed 53440K, reserved 1114112K
  class space    used 7436K, committed 7680K, reserved 1048576K
GC Heap History (20 events):
Event: 2.482 GC heap before
{Heap before GC invocations=0 (full 0):
 garbage-first heap   total reserved 2017280K, committed 126976K, used 24576K [0x0000000084e00000, 0x0000000100000000)
  region size 1024K, 24 young (24576K), 0 survivors (0K)
 Metaspace       used 7265K, committed 7552K, reserved 1114112K
  class space    used 900K, committed 1024K, reserved 1048576K
}
Event: 2.491 GC heap after
{Heap after GC invocations=1 (full 0):
 garbage-first heap   total reserved 2017280K, committed 126976K, used 7936K [0x0000000084e00000, 0x0000000100000000)
  region size 1024K, 3 young (3072K), 3 survivors (3072K)
 Metaspace       used 7265K, committed 7552K, reserved 1114112K
  class space    used 900K, committed 1024K, reserved 1048576K
}
Event: 3.127 GC heap before
{Heap before GC invocations=1 (full 0):
 garbage-first heap   total reserved 2017280K, committed 126976K, used 35584K [0x0000000084e00000, 0x0000000100000000)
  region size 1024K, 31 young (31744K), 3 survivors (3072K)
 Metaspace       used 12428K, committed 12800K, reserved 1114112K
  class space    used 1700K, committed 1856K, reserved 1048576K
}
Event: 3.133 GC heap after
{Heap after GC invocations=2 (full 0):
 garbage-first heap   total reserved 2017280K, committed 126976K, used 10296K [0x0000000084e00000, 0x0000000100000000)
  region size 1024K, 2 young (2048K), 2 survivors (2048K)
 Metaspace       used 12428K, committed 12800K, reserved 1114112K
  class space    used 1700K, committed 1856K, reserved 1048576K
}
Event: 3.804 GC heap before
{Heap before GC invocations=2 (full 0):
 garbage-first heap   total reserved 2017280K, committed 126976K, used 49208K [0x0000000084e00000, 0x0000000100000000)
  region size 1024K, 42 young (43008K), 2 survivors (2048K)
 Metaspace       used 21175K, committed 21504K, reserved 1114112K
  class space    used 2865K, committed 3008K, reserved 1048576K
}
Event: 3.812 GC heap after
{Heap after GC invocations=3 (full 0):
 garbage-first heap   total reserved 2017280K, committed 126976K, used 13600K [0x0000000084e00000, 0x0000000100000000)
  region size 1024K, 6 young (6144K), 6 survivors (6144K)
 Metaspace       used 21175K, committed 21504K, reserved 1114112K
  class space    used 2865K, committed 3008K, reserved 1048576K
}
Event: 4.308 GC heap before
{Heap before GC invocations=4 (full 0):
 garbage-first heap   total reserved 2017280K, committed 51200K, used 38176K [0x0000000084e00000, 0x0000000100000000)
  region size 1024K, 30 young (30720K), 6 survivors (6144K)
 Metaspace       used 23737K, committed 24192K, reserved 1114112K
  class space    used 3271K, committed 3456K, reserved 1048576K
}
Event: 4.319 GC heap after
{Heap after GC invocations=5 (full 0):
 garbage-first heap   total reserved 2017280K, committed 51200K, used 15831K [0x0000000084e00000, 0x0000000100000000)
  region size 1024K, 3 young (3072K), 3 survivors (3072K)
 Metaspace       used 23737K, committed 24192K, reserved 1114112K
  class space    used 3271K, committed 3456K, reserved 1048576K
}
Event: 4.827 GC heap before
{Heap before GC invocations=5 (full 0):
 garbage-first heap   total reserved 2017280K, committed 51200K, used 38359K [0x0000000084e00000, 0x0000000100000000)
  region size 1024K, 25 young (25600K), 3 survivors (3072K)
 Metaspace       used 25981K, committed 26432K, reserved 1114112K
  class space    used 3557K, committed 3776K, reserved 1048576K
}
Event: 4.833 GC heap after
{Heap after GC invocations=6 (full 0):
 garbage-first heap   total reserved 2017280K, committed 51200K, used 17252K [0x0000000084e00000, 0x0000000100000000)
  region size 1024K, 2 young (2048K), 2 survivors (2048K)
 Metaspace       used 25981K, committed 26432K, reserved 1114112K
  class space    used 3557K, committed 3776K, reserved 1048576K
}
Event: 5.501 GC heap before
{Heap before GC invocations=6 (full 0):
 garbage-first heap   total reserved 2017280K, committed 51200K, used 39780K [0x0000000084e00000, 0x0000000100000000)
  region size 1024K, 24 young (24576K), 2 survivors (2048K)
 Metaspace       used 28903K, committed 29376K, reserved 1114112K
  class space    used 4020K, committed 4224K, reserved 1048576K
}
Event: 5.506 GC heap after
{Heap after GC invocations=7 (full 0):
 garbage-first heap   total reserved 2017280K, committed 51200K, used 18950K [0x0000000084e00000, 0x0000000100000000)
  region size 1024K, 3 young (3072K), 3 survivors (3072K)
 Metaspace       used 28903K, committed 29376K, reserved 1114112K
  class space    used 4020K, committed 4224K, reserved 1048576K
}
Event: 6.123 GC heap before
{Heap before GC invocations=7 (full 0):
 garbage-first heap   total reserved 2017280K, committed 51200K, used 40454K [0x0000000084e00000, 0x0000000100000000)
  region size 1024K, 25 young (25600K), 3 survivors (3072K)
 Metaspace       used 32162K, committed 32768K, reserved 1114112K
  class space    used 4500K, committed 4800K, reserved 1048576K
}
Event: 6.130 GC heap after
{Heap after GC invocations=8 (full 0):
 garbage-first heap   total reserved 2017280K, committed 51200K, used 21307K [0x0000000084e00000, 0x0000000100000000)
  region size 1024K, 4 young (4096K), 4 survivors (4096K)
 Metaspace       used 32162K, committed 32768K, reserved 1114112K
  class space    used 4500K, committed 4800K, reserved 1048576K
}
Event: 6.552 GC heap before
{Heap before GC invocations=8 (full 0):
 garbage-first heap   total reserved 2017280K, committed 51200K, used 36667K [0x0000000084e00000, 0x0000000100000000)
  region size 1024K, 20 young (20480K), 4 survivors (4096K)
 Metaspace       used 35600K, committed 36160K, reserved 1114112K
  class space    used 4863K, committed 5120K, reserved 1048576K
}
Event: 6.559 GC heap after
{Heap after GC invocations=9 (full 0):
 garbage-first heap   total reserved 2017280K, committed 61440K, used 22548K [0x0000000084e00000, 0x0000000100000000)
  region size 1024K, 2 young (2048K), 2 survivors (2048K)
 Metaspace       used 35600K, committed 36160K, reserved 1114112K
  class space    used 4863K, committed 5120K, reserved 1048576K
}
Event: 7.453 GC heap before
{Heap before GC invocations=10 (full 0):
 garbage-first heap   total reserved 2017280K, committed 61440K, used 50196K [0x0000000084e00000, 0x0000000100000000)
  region size 1024K, 30 young (30720K), 2 survivors (2048K)
 Metaspace       used 41678K, committed 42304K, reserved 1114112K
  class space    used 5745K, committed 6016K, reserved 1048576K
}
Event: 7.457 GC heap after
{Heap after GC invocations=11 (full 0):
 garbage-first heap   total reserved 2017280K, committed 61440K, used 23728K [0x0000000084e00000, 0x0000000100000000)
  region size 1024K, 3 young (3072K), 3 survivors (3072K)
 Metaspace       used 41678K, committed 42304K, reserved 1114112K
  class space    used 5745K, committed 6016K, reserved 1048576K
}
Event: 8.214 GC heap before
{Heap before GC invocations=11 (full 0):
 garbage-first heap   total reserved 2017280K, committed 61440K, used 51376K [0x0000000084e00000, 0x0000000100000000)
  region size 1024K, 31 young (31744K), 3 survivors (3072K)
 Metaspace       used 47816K, committed 48512K, reserved 1114112K
  class space    used 6684K, committed 6976K, reserved 1048576K
}
Event: 8.219 GC heap after
{Heap after GC invocations=12 (full 0):
 garbage-first heap   total reserved 2017280K, committed 61440K, used 24598K [0x0000000084e00000, 0x0000000100000000)
  region size 1024K, 3 young (3072K), 3 survivors (3072K)
 Metaspace       used 47816K, committed 48512K, reserved 1114112K
  class space    used 6684K, committed 6976K, reserved 1048576K
}

